<?xml version="1.0" encoding="UTF-8"?>
<testsuite xmlns:xsi="http://www.w3.org/2001/XMLSchema-instance" xsi:noNamespaceSchemaLocation="https://maven.apache.org/surefire/maven-surefire-plugin/xsd/surefire-test-report-3.0.xsd" version="3.0" name="com.example.apikeymanager.ApikeymanagerApplicationTests" time="3.263" tests="1" errors="0" skipped="0" failures="0">
  <properties>
[...]
</properties>
  <testcase name="contextLoads" classname="com.example.apikeymanager.ApikeymanagerApplicationTests" time="1.16">
    <system-out><![CDATA[19:25:23.702 [main] INFO org.springframework.test.context.support.AnnotationConfigContextLoaderUtils -- Could not detect default configuration classes for test class [com.example.apikeymanager.ApikeymanagerApplicationTests]: ApikeymanagerApplicationTests does not declare any static, non-private, non-final, nested classes annotated with @Configuration.
19:25:23.866 [main] INFO org.springframework.boot.test.context.SpringBootTestContextBootstrapper -- Found @SpringBootConfiguration com.example.apikeymanager.ApikeymanagerApplication for test class com.example.apikeymanager.ApikeymanagerApplicationTests

  .   ____          _            __ _ _
 /\\ / ___'_ __ _ _(_)_ __  __ _ \ \ \ \
( ( )\___ | '_ | '_| | '_ \/ _` | \ \ \ \
 \\/  ___)| |_)| | | | | || (_| |  ) ) ) )
  '  |____| .__|_| |_|_| |_\__, | / / / /
 =========|_|==============|___/=/_/_/_/

 :: Spring Boot ::                (v3.3.3)

2024-08-23T19:25:24.702+05:30  INFO 10948 --- [apikeymanager] [           main] c.e.a.ApikeymanagerApplicationTests      : Starting ApikeymanagerApplicationTests using Java 17.0.10 with PID 10948 (started by Amit in C:\Users\Amit\Downloads\apikeymanager\apikeymanager)
2024-08-23T19:25:24.704+05:30  INFO 10948 --- [apikeymanager] [           main] c.e.a.ApikeymanagerApplicationTests      : No active profile set, falling back to 1 default profile: "default"
2024-08-23T19:25:25.546+05:30  INFO 10948 --- [apikeymanager] [           main] c.e.a.ApikeymanagerApplicationTests      : Started ApikeymanagerApplicationTests in 1.327 seconds (process running for 4.949)
]]></system-out>
  </testcase>
</testsuite>